<?xml version="1.0" encoding="UTF-8"?>
<Site BuildName="Darwin-c++"
	BuildStamp="20230828-2150-Experimental"
	Name="Dario-Campisi-MacBook.local"
	Generator="ctest-3.26.4"
	CompilerName="/Library/Developer/CommandLineTools/usr/bin/c++"
	CompilerVersion="14.0.3.14030022"
	OSName="macOS"
	Hostname="Dario-Campisi-MacBook.local"
	OSRelease="13.4.1"
	OSVersion="22F82"
	OSPlatform="x86_64"
	Is64Bits="1"
	VendorString="GenuineIntel"
	VendorID="Intel Corporation"
	FamilyID="6"
	ModelID="126"
	ProcessorCacheSize="32768"
	NumberOfLogicalCPU="8"
	NumberOfPhysicalCPU="4"
	TotalVirtualMemory="1024"
	TotalPhysicalMemory="8192"
	LogicalProcessorsPerPhysical="8"
	ProcessorClockFrequency="1100"
	>
	<Testing>
		<StartDateTime>Aug 29 00:44 CEST</StartDateTime>
		<StartTestTime>1693262668</StartTestTime>
		<TestList/>
		<EndDateTime>Aug 29 00:44 CEST</EndDateTime>
		<EndTestTime>1693262668</EndTestTime>
		<ElapsedMinutes>0</ElapsedMinutes>
	</Testing>
</Site>
